2023-06-22 19:13:40,927 INFO o.a.j.u.JMeterUtils: Setting Locale to en_EN
2023-06-22 19:13:40,949 INFO o.a.j.JMeter: Loading user properties from: user.properties
2023-06-22 19:13:40,950 INFO o.a.j.JMeter: Loading system properties from: system.properties
2023-06-22 19:13:40,957 INFO o.a.j.JMeter: Copyright (c) 1998-2022 The Apache Software Foundation
2023-06-22 19:13:40,957 INFO o.a.j.JMeter: Version 5.5
2023-06-22 19:13:40,957 INFO o.a.j.JMeter: java.version=11.0.13
2023-06-22 19:13:40,957 INFO o.a.j.JMeter: java.vm.name=Java HotSpot(TM) 64-Bit Server VM
2023-06-22 19:13:40,957 INFO o.a.j.JMeter: os.name=Windows 10
2023-06-22 19:13:40,957 INFO o.a.j.JMeter: os.arch=amd64
2023-06-22 19:13:40,957 INFO o.a.j.JMeter: os.version=10.0
2023-06-22 19:13:40,957 INFO o.a.j.JMeter: file.encoding=Cp1252
2023-06-22 19:13:40,957 INFO o.a.j.JMeter: java.awt.headless=true
2023-06-22 19:13:40,957 INFO o.a.j.JMeter: Max memory     =1073741824
2023-06-22 19:13:40,958 INFO o.a.j.JMeter: Available Processors =8
2023-06-22 19:13:40,967 INFO o.a.j.JMeter: Default Locale=English (EN)
2023-06-22 19:13:40,967 INFO o.a.j.JMeter: JMeter  Locale=English (EN)
2023-06-22 19:13:40,967 INFO o.a.j.JMeter: JMeterHome=D:\apache-jmeter-5.5
2023-06-22 19:13:40,968 INFO o.a.j.JMeter: user.dir  =d:\apache-jmeter-5.5\bin
2023-06-22 19:13:40,968 INFO o.a.j.JMeter: PWD       =D:\apache-jmeter-5.5\bin
2023-06-22 19:13:40,968 INFO o.a.j.JMeter: IP: 192.168.1.105 Name: onur FullName: onur
2023-06-22 19:13:40,988 INFO o.a.j.s.FileServer: Default base='d:\apache-jmeter-5.5\bin'
2023-06-22 19:13:40,989 INFO o.a.j.s.FileServer: Set new base='d:\apache-jmeter-5.5\bin'
2023-06-22 19:13:41,216 INFO o.a.j.s.SaveService: Testplan (JMX) version: 2.2. Testlog (JTL) version: 2.2
2023-06-22 19:13:41,239 INFO o.a.j.s.SaveService: Using SaveService properties version 5.0
2023-06-22 19:13:41,242 INFO o.a.j.s.SaveService: Using SaveService properties file encoding UTF-8
2023-06-22 19:13:41,245 INFO o.a.j.s.SaveService: Loading file: d:\apache-jmeter-5.5\bin\Furjenkins.jmx
2023-06-22 19:13:41,324 INFO o.a.j.p.h.s.HTTPSamplerBase: Parser for text/html is org.apache.jmeter.protocol.http.parser.LagartoBasedHtmlParser
2023-06-22 19:13:41,324 INFO o.a.j.p.h.s.HTTPSamplerBase: Parser for application/xhtml+xml is org.apache.jmeter.protocol.http.parser.LagartoBasedHtmlParser
2023-06-22 19:13:41,324 INFO o.a.j.p.h.s.HTTPSamplerBase: Parser for application/xml is org.apache.jmeter.protocol.http.parser.LagartoBasedHtmlParser
2023-06-22 19:13:41,324 INFO o.a.j.p.h.s.HTTPSamplerBase: Parser for text/xml is org.apache.jmeter.protocol.http.parser.LagartoBasedHtmlParser
2023-06-22 19:13:41,324 INFO o.a.j.p.h.s.HTTPSamplerBase: Parser for text/vnd.wap.wml is org.apache.jmeter.protocol.http.parser.RegexpHTMLParser
2023-06-22 19:13:41,324 INFO o.a.j.p.h.s.HTTPSamplerBase: Parser for text/css is org.apache.jmeter.protocol.http.parser.CssParser
2023-06-22 19:13:41,338 INFO o.a.j.JMeter: Creating summariser <summary>
2023-06-22 19:13:41,350 INFO o.a.j.e.StandardJMeterEngine: Running the test!
2023-06-22 19:13:41,350 INFO o.a.j.s.SampleEvent: List of sample_variables: []
2023-06-22 19:13:41,350 INFO o.a.j.s.SampleEvent: List of sample_variables: []
2023-06-22 19:13:41,361 INFO o.a.j.e.u.CompoundVariable: Note: Function class names must contain the string: '.functions.'
2023-06-22 19:13:41,362 INFO o.a.j.e.u.CompoundVariable: Note: Function class names must not contain the string: '.gui.'
2023-06-22 19:13:41,892 INFO o.a.j.JMeter: Running test (1687454021892)
2023-06-22 19:13:41,927 INFO o.a.j.e.StandardJMeterEngine: Starting ThreadGroup: 1 : Thread Group
2023-06-22 19:13:41,928 INFO o.a.j.e.StandardJMeterEngine: Starting 5 threads for group Thread Group.
2023-06-22 19:13:41,928 INFO o.a.j.e.StandardJMeterEngine: Thread will continue on error
2023-06-22 19:13:41,928 INFO o.a.j.t.ThreadGroup: Starting thread group... number=1 threads=5 ramp-up=5 delayedStart=false
2023-06-22 19:13:41,951 INFO o.a.j.t.ThreadGroup: Started thread group number 1
2023-06-22 19:13:41,951 INFO o.a.j.e.StandardJMeterEngine: All thread groups have been started
2023-06-22 19:13:41,953 INFO o.a.j.t.JMeterThread: Thread started: Thread Group 1-1
2023-06-22 19:13:42,003 INFO o.a.j.p.h.s.HTTPHCAbstractImpl: Local host = onur
2023-06-22 19:13:42,022 INFO o.a.j.p.h.s.HTTPHC4Impl: HTTP request retry count = 0
2023-06-22 19:13:42,025 INFO o.a.j.s.SampleResult: Note: Sample TimeStamps are START times
2023-06-22 19:13:42,025 INFO o.a.j.s.SampleResult: sampleresult.default.encoding is set to ISO-8859-1
2023-06-22 19:13:42,025 INFO o.a.j.s.SampleResult: sampleresult.useNanoTime=true
2023-06-22 19:13:42,025 INFO o.a.j.s.SampleResult: sampleresult.nanoThreadSleep=5000
2023-06-22 19:13:42,332 INFO o.a.j.p.h.s.h.LazyLayeredConnectionSocketFactory: Setting up HTTPS TrustAll Socket Factory
2023-06-22 19:13:42,350 INFO o.a.j.u.JsseSSLManager: Using default SSL protocol: TLS
2023-06-22 19:13:42,351 INFO o.a.j.u.JsseSSLManager: SSL session context: per-thread
2023-06-22 19:13:42,572 INFO o.a.j.u.SSLManager: JmeterKeyStore Location:  type JKS
2023-06-22 19:13:42,578 INFO o.a.j.u.SSLManager: KeyStore created OK
2023-06-22 19:13:42,578 WARN o.a.j.u.SSLManager: Keystore file not found, loading empty keystore
2023-06-22 19:13:42,941 INFO o.a.j.t.JMeterThread: Thread started: Thread Group 1-2
2023-06-22 19:13:43,938 INFO o.a.j.t.JMeterThread: Thread started: Thread Group 1-3
2023-06-22 19:13:44,676 INFO o.a.j.t.JMeterThread: Thread is done: Thread Group 1-1
2023-06-22 19:13:44,676 INFO o.a.j.t.JMeterThread: Thread finished: Thread Group 1-1
2023-06-22 19:13:44,713 INFO o.a.j.t.JMeterThread: Thread is done: Thread Group 1-2
2023-06-22 19:13:44,713 INFO o.a.j.t.JMeterThread: Thread finished: Thread Group 1-2
2023-06-22 19:13:44,934 INFO o.a.j.t.JMeterThread: Thread started: Thread Group 1-4
2023-06-22 19:13:45,022 INFO o.a.j.t.JMeterThread: Thread is done: Thread Group 1-3
2023-06-22 19:13:45,022 INFO o.a.j.t.JMeterThread: Thread finished: Thread Group 1-3
2023-06-22 19:13:45,931 INFO o.a.j.t.JMeterThread: Thread started: Thread Group 1-5
2023-06-22 19:13:45,998 INFO o.a.j.t.JMeterThread: Thread is done: Thread Group 1-4
2023-06-22 19:13:45,998 INFO o.a.j.t.JMeterThread: Thread finished: Thread Group 1-4
2023-06-22 19:13:46,998 INFO o.a.j.t.JMeterThread: Thread is done: Thread Group 1-5
2023-06-22 19:13:46,998 INFO o.a.j.t.JMeterThread: Thread finished: Thread Group 1-5
2023-06-22 19:13:46,999 INFO o.a.j.e.StandardJMeterEngine: Notifying test listeners of end of test
2023-06-22 19:13:47,002 INFO k.a.j.PluginsCMDWorker: Using JMeterPluginsCMD v. N/A
2023-06-22 19:13:47,009 WARN k.a.j.JMeterPluginsUtils: JMeter env exists. No one should see this normally.
2023-06-22 19:13:47,010 WARN o.a.j.e.StandardJMeterEngine: Error encountered during shutdown of kg.apc.jmeter.listener.GraphsGeneratorListener@538cd0f2
java.lang.RuntimeException: java.lang.ClassNotFoundException: kg.apc.jmeter.vizualizers.SynthesisReportGui
	at kg.apc.jmeter.PluginsCMDWorker.getGUIObject(PluginsCMDWorker.java:237) ~[jmeter-plugins-cmd-2.2.jar:?]
	at kg.apc.jmeter.PluginsCMDWorker.getGUIObject(PluginsCMDWorker.java:234) ~[jmeter-plugins-cmd-2.2.jar:?]
	at kg.apc.jmeter.PluginsCMDWorker.setPluginType(PluginsCMDWorker.java:73) ~[jmeter-plugins-cmd-2.2.jar:?]
	at kg.apc.jmeter.listener.GraphsGeneratorListener.testEnded(GraphsGeneratorListener.java:221) ~[jmeter-plugins-graphs-ggl-2.0.jar:?]
	at kg.apc.jmeter.listener.GraphsGeneratorListener.testEnded(GraphsGeneratorListener.java:137) ~[jmeter-plugins-graphs-ggl-2.0.jar:?]
	at org.apache.jmeter.engine.StandardJMeterEngine.notifyTestListenersOfEnd(StandardJMeterEngine.java:230) ~[ApacheJMeter_core.jar:5.5]
	at org.apache.jmeter.engine.StandardJMeterEngine.run(StandardJMeterEngine.java:507) ~[ApacheJMeter_core.jar:5.5]
	at java.lang.Thread.run(Thread.java:834) ~[?:?]
Caused by: java.lang.ClassNotFoundException: kg.apc.jmeter.vizualizers.SynthesisReportGui
	at java.net.URLClassLoader.findClass(URLClassLoader.java:476) ~[?:?]
	at java.lang.ClassLoader.loadClass(ClassLoader.java:588) ~[?:?]
	at java.lang.ClassLoader.loadClass(ClassLoader.java:521) ~[?:?]
	at java.lang.Class.forName0(Native Method) ~[?:?]
	at java.lang.Class.forName(Class.java:315) ~[?:?]
	at kg.apc.jmeter.PluginsCMDWorker.getGUIObject(PluginsCMDWorker.java:227) ~[jmeter-plugins-cmd-2.2.jar:?]
	... 7 more
2023-06-22 19:13:47,138 INFO o.a.j.r.Summariser: summary =     75 in 00:00:05 =   14.3/s Avg:    97 Min:    49 Max:  1480 Err:     0 (0.00%)
